2019-01-19 06:20:32,787 ERROR org.apache.juli.logging.DirectJDKLog [http-nio-8090-exec-9] Servlet.service() for servlet [facesServlet] in context with path [/inventory] threw exception [Error Parsing /ui/invoiceTab.xhtml: Error Traced[line: 26] Element type "p:ajax" must be followed by either attribute specifications, ">" or "/>".] with root cause
javax.faces.view.facelets.FaceletException: Error Parsing /ui/invoiceTab.xhtml: Error Traced[line: 26] Element type "p:ajax" must be followed by either attribute specifications, ">" or "/>".
	at com.sun.faces.facelets.compiler.SAXCompiler.doCompile(SAXCompiler.java:487)
	at com.sun.faces.facelets.compiler.SAXCompiler.doCompile(SAXCompiler.java:460)
	at com.sun.faces.facelets.compiler.Compiler.compile(Compiler.java:124)
	at com.sun.faces.facelets.impl.DefaultFaceletFactory.createFacelet(DefaultFaceletFactory.java:475)
	at com.sun.faces.facelets.impl.DefaultFaceletFactory.access$100(DefaultFaceletFactory.java:107)
	at com.sun.faces.facelets.impl.DefaultFaceletFactory$1.newInstance(DefaultFaceletFactory.java:201)
	at com.sun.faces.facelets.impl.DefaultFaceletFactory$1.newInstance(DefaultFaceletFactory.java:198)
	at com.sun.faces.facelets.impl.DefaultFaceletCache$1.newInstance(DefaultFaceletCache.java:88)
	at com.sun.faces.facelets.impl.DefaultFaceletCache$1.newInstance(DefaultFaceletCache.java:81)
	at com.sun.faces.util.ExpiringConcurrentCache$1.call(ExpiringConcurrentCache.java:100)
	at java.util.concurrent.FutureTask.run(Unknown Source)
	at com.sun.faces.util.ExpiringConcurrentCache.get(ExpiringConcurrentCache.java:115)
	at com.sun.faces.facelets.impl.DefaultFaceletCache.getFacelet(DefaultFaceletCache.java:126)
	at com.sun.faces.facelets.impl.DefaultFaceletCache.getFacelet(DefaultFaceletCache.java:63)
	at com.sun.faces.facelets.impl.DefaultFaceletFactory.getFacelet(DefaultFaceletFactory.java:289)
	at com.sun.faces.facelets.impl.DefaultFacelet.include(DefaultFacelet.java:371)
	at com.sun.faces.facelets.impl.DefaultFacelet.include(DefaultFacelet.java:351)
	at com.sun.faces.facelets.impl.DefaultFaceletContext.includeFacelet(DefaultFaceletContext.java:204)
	at com.sun.faces.facelets.tag.ui.IncludeHandler.apply(IncludeHandler.java:125)
	at javax.faces.view.facelets.CompositeFaceletHandler.apply(CompositeFaceletHandler.java:96)
	at javax.faces.view.facelets.DelegatingMetaTagHandler.applyNextHandler(DelegatingMetaTagHandler.java:161)
	at com.sun.faces.facelets.tag.jsf.ComponentTagHandlerDelegateImpl.apply(ComponentTagHandlerDelegateImpl.java:203)
	at javax.faces.view.facelets.DelegatingMetaTagHandler.apply(DelegatingMetaTagHandler.java:135)
	at javax.faces.view.facelets.CompositeFaceletHandler.apply(CompositeFaceletHandler.java:96)
	at javax.faces.view.facelets.DelegatingMetaTagHandler.applyNextHandler(DelegatingMetaTagHandler.java:161)
	at com.sun.faces.facelets.tag.jsf.ComponentTagHandlerDelegateImpl.apply(ComponentTagHandlerDelegateImpl.java:203)
	at javax.faces.view.facelets.DelegatingMetaTagHandler.apply(DelegatingMetaTagHandler.java:135)
	at javax.faces.view.facelets.CompositeFaceletHandler.apply(CompositeFaceletHandler.java:96)
	at com.sun.faces.facelets.tag.ui.DefineHandler.applyDefinition(DefineHandler.java:107)
	at com.sun.faces.facelets.tag.ui.CompositionHandler.apply(CompositionHandler.java:208)
	at com.sun.faces.facelets.impl.DefaultFaceletContext$TemplateManager.apply(DefaultFaceletContext.java:414)
	at com.sun.faces.facelets.impl.DefaultFaceletContext.includeDefinition(DefaultFaceletContext.java:384)
	at com.sun.faces.facelets.tag.ui.InsertHandler.apply(InsertHandler.java:112)
	at javax.faces.view.facelets.CompositeFaceletHandler.apply(CompositeFaceletHandler.java:96)
	at javax.faces.view.facelets.DelegatingMetaTagHandler.applyNextHandler(DelegatingMetaTagHandler.java:161)
	at com.sun.faces.facelets.tag.jsf.ComponentTagHandlerDelegateImpl.apply(ComponentTagHandlerDelegateImpl.java:203)
	at javax.faces.view.facelets.DelegatingMetaTagHandler.apply(DelegatingMetaTagHandler.java:135)
	at javax.faces.view.facelets.CompositeFaceletHandler.apply(CompositeFaceletHandler.java:96)
	at javax.faces.view.facelets.DelegatingMetaTagHandler.applyNextHandler(DelegatingMetaTagHandler.java:161)
	at com.sun.faces.facelets.tag.jsf.ComponentTagHandlerDelegateImpl.apply(ComponentTagHandlerDelegateImpl.java:203)
	at javax.faces.view.facelets.DelegatingMetaTagHandler.apply(DelegatingMetaTagHandler.java:135)
	at javax.faces.view.facelets.DelegatingMetaTagHandler.applyNextHandler(DelegatingMetaTagHandler.java:161)
	at com.sun.faces.facelets.tag.jsf.ComponentTagHandlerDelegateImpl.apply(ComponentTagHandlerDelegateImpl.java:203)
	at javax.faces.view.facelets.DelegatingMetaTagHandler.apply(DelegatingMetaTagHandler.java:135)
	at javax.faces.view.facelets.CompositeFaceletHandler.apply(CompositeFaceletHandler.java:96)
	at com.sun.faces.facelets.compiler.NamespaceHandler.apply(NamespaceHandler.java:94)
	at com.sun.faces.facelets.compiler.EncodingHandler.apply(EncodingHandler.java:88)
	at com.sun.faces.facelets.impl.DefaultFacelet.include(DefaultFacelet.java:313)
	at com.sun.faces.facelets.impl.DefaultFacelet.include(DefaultFacelet.java:372)
	at com.sun.faces.facelets.impl.DefaultFacelet.include(DefaultFacelet.java:351)
	at com.sun.faces.facelets.impl.DefaultFaceletContext.includeFacelet(DefaultFaceletContext.java:204)
	at com.sun.faces.facelets.tag.ui.CompositionHandler.apply(CompositionHandler.java:175)
	at com.sun.faces.facelets.compiler.NamespaceHandler.apply(NamespaceHandler.java:94)
	at com.sun.faces.facelets.compiler.EncodingHandler.apply(EncodingHandler.java:88)
	at com.sun.faces.facelets.impl.DefaultFacelet.apply(DefaultFacelet.java:162)
	at com.sun.faces.application.view.FaceletViewHandlingStrategy.buildView(FaceletViewHandlingStrategy.java:381)
	at com.sun.faces.lifecycle.RenderResponsePhase.execute(RenderResponsePhase.java:102)
	at com.sun.faces.lifecycle.Phase.doPhase(Phase.java:100)
	at com.sun.faces.lifecycle.LifecycleImpl.render(LifecycleImpl.java:223)
	at javax.faces.webapp.FacesServlet.service(FacesServlet.java:671)
	at org.apache.catalina.core.ApplicationFilterChain.internalDoFilter(ApplicationFilterChain.java:231)
	at org.apache.catalina.core.ApplicationFilterChain.doFilter(ApplicationFilterChain.java:166)
	at org.apache.tomcat.websocket.server.WsFilter.doFilter(WsFilter.java:52)
	at org.apache.catalina.core.ApplicationFilterChain.internalDoFilter(ApplicationFilterChain.java:193)
	at org.apache.catalina.core.ApplicationFilterChain.doFilter(ApplicationFilterChain.java:166)
	at org.primefaces.webapp.filter.FileUploadFilter.doFilter(FileUploadFilter.java:103)
	at org.apache.catalina.core.ApplicationFilterChain.internalDoFilter(ApplicationFilterChain.java:193)
	at org.apache.catalina.core.ApplicationFilterChain.doFilter(ApplicationFilterChain.java:166)
	at org.springframework.web.filter.RequestContextFilter.doFilterInternal(RequestContextFilter.java:99)
	at org.springframework.web.filter.OncePerRequestFilter.doFilter(OncePerRequestFilter.java:107)
	at org.apache.catalina.core.ApplicationFilterChain.internalDoFilter(ApplicationFilterChain.java:193)
	at org.apache.catalina.core.ApplicationFilterChain.doFilter(ApplicationFilterChain.java:166)
	at org.springframework.web.filter.HttpPutFormContentFilter.doFilterInternal(HttpPutFormContentFilter.java:109)
	at org.springframework.web.filter.OncePerRequestFilter.doFilter(OncePerRequestFilter.java:107)
	at org.apache.catalina.core.ApplicationFilterChain.internalDoFilter(ApplicationFilterChain.java:193)
	at org.apache.catalina.core.ApplicationFilterChain.doFilter(ApplicationFilterChain.java:166)
	at org.springframework.web.filter.CharacterEncodingFilter.doFilterInternal(CharacterEncodingFilter.java:200)
	at org.springframework.web.filter.OncePerRequestFilter.doFilter(OncePerRequestFilter.java:107)
	at org.apache.catalina.core.ApplicationFilterChain.internalDoFilter(ApplicationFilterChain.java:193)
	at org.apache.catalina.core.ApplicationFilterChain.doFilter(ApplicationFilterChain.java:166)
	at org.apache.catalina.core.StandardWrapperValve.invoke(StandardWrapperValve.java:198)
	at org.apache.catalina.core.StandardContextValve.invoke(StandardContextValve.java:96)
	at org.apache.catalina.authenticator.AuthenticatorBase.invoke(AuthenticatorBase.java:496)
	at org.apache.catalina.core.StandardHostValve.invoke(StandardHostValve.java:140)
	at org.apache.catalina.valves.ErrorReportValve.invoke(ErrorReportValve.java:81)
	at org.apache.catalina.core.StandardEngineValve.invoke(StandardEngineValve.java:87)
	at org.apache.catalina.connector.CoyoteAdapter.service(CoyoteAdapter.java:342)
	at org.apache.coyote.http11.Http11Processor.service(Http11Processor.java:803)
	at org.apache.coyote.AbstractProcessorLight.process(AbstractProcessorLight.java:66)
	at org.apache.coyote.AbstractProtocol$ConnectionHandler.process(AbstractProtocol.java:790)
	at org.apache.tomcat.util.net.NioEndpoint$SocketProcessor.doRun(NioEndpoint.java:1468)
	at org.apache.tomcat.util.net.SocketProcessorBase.run(SocketProcessorBase.java:49)
	at java.util.concurrent.ThreadPoolExecutor.runWorker(Unknown Source)
	at java.util.concurrent.ThreadPoolExecutor$Worker.run(Unknown Source)
	at org.apache.tomcat.util.threads.TaskThread$WrappingRunnable.run(TaskThread.java:61)
	at java.lang.Thread.run(Unknown Source)
2019-01-19 06:20:32,877 ERROR com.sun.faces.context.AjaxExceptionHandlerImpl [http-nio-8090-exec-3] javax.faces.view.facelets.FaceletException: Error Parsing /ui/invoiceTab.xhtml: Error Traced[line: 26] Element type "p:ajax" must be followed by either attribute specifications, ">" or "/>".
	at com.sun.faces.facelets.compiler.SAXCompiler.doCompile(SAXCompiler.java:487)
	at com.sun.faces.facelets.compiler.SAXCompiler.doCompile(SAXCompiler.java:460)
	at com.sun.faces.facelets.compiler.Compiler.compile(Compiler.java:124)
	at com.sun.faces.facelets.impl.DefaultFaceletFactory.createFacelet(DefaultFaceletFactory.java:475)
	at com.sun.faces.facelets.impl.DefaultFaceletFactory.access$100(DefaultFaceletFactory.java:107)
	at com.sun.faces.facelets.impl.DefaultFaceletFactory$1.newInstance(DefaultFaceletFactory.java:201)
	at com.sun.faces.facelets.impl.DefaultFaceletFactory$1.newInstance(DefaultFaceletFactory.java:198)
	at com.sun.faces.facelets.impl.DefaultFaceletCache$1.newInstance(DefaultFaceletCache.java:88)
	at com.sun.faces.facelets.impl.DefaultFaceletCache$1.newInstance(DefaultFaceletCache.java:81)
	at com.sun.faces.util.ExpiringConcurrentCache$1.call(ExpiringConcurrentCache.java:100)
	at java.util.concurrent.FutureTask.run(Unknown Source)
	at com.sun.faces.util.ExpiringConcurrentCache.get(ExpiringConcurrentCache.java:115)
	at com.sun.faces.facelets.impl.DefaultFaceletCache.getFacelet(DefaultFaceletCache.java:126)
	at com.sun.faces.facelets.impl.DefaultFaceletCache.getFacelet(DefaultFaceletCache.java:63)
	at com.sun.faces.facelets.impl.DefaultFaceletFactory.getFacelet(DefaultFaceletFactory.java:289)
	at com.sun.faces.facelets.impl.DefaultFacelet.include(DefaultFacelet.java:371)
	at com.sun.faces.facelets.impl.DefaultFacelet.include(DefaultFacelet.java:351)
	at com.sun.faces.facelets.impl.DefaultFaceletContext.includeFacelet(DefaultFaceletContext.java:204)
	at com.sun.faces.facelets.tag.ui.IncludeHandler.apply(IncludeHandler.java:125)
	at javax.faces.view.facelets.CompositeFaceletHandler.apply(CompositeFaceletHandler.java:96)
	at javax.faces.view.facelets.DelegatingMetaTagHandler.applyNextHandler(DelegatingMetaTagHandler.java:161)
	at com.sun.faces.facelets.tag.jsf.ComponentTagHandlerDelegateImpl.apply(ComponentTagHandlerDelegateImpl.java:203)
	at javax.faces.view.facelets.DelegatingMetaTagHandler.apply(DelegatingMetaTagHandler.java:135)
	at javax.faces.view.facelets.CompositeFaceletHandler.apply(CompositeFaceletHandler.java:96)
	at javax.faces.view.facelets.DelegatingMetaTagHandler.applyNextHandler(DelegatingMetaTagHandler.java:161)
	at com.sun.faces.facelets.tag.jsf.ComponentTagHandlerDelegateImpl.apply(ComponentTagHandlerDelegateImpl.java:203)
	at javax.faces.view.facelets.DelegatingMetaTagHandler.apply(DelegatingMetaTagHandler.java:135)
	at javax.faces.view.facelets.CompositeFaceletHandler.apply(CompositeFaceletHandler.java:96)
	at com.sun.faces.facelets.tag.ui.DefineHandler.applyDefinition(DefineHandler.java:107)
	at com.sun.faces.facelets.tag.ui.CompositionHandler.apply(CompositionHandler.java:208)
	at com.sun.faces.facelets.impl.DefaultFaceletContext$TemplateManager.apply(DefaultFaceletContext.java:414)
	at com.sun.faces.facelets.impl.DefaultFaceletContext.includeDefinition(DefaultFaceletContext.java:384)
	at com.sun.faces.facelets.tag.ui.InsertHandler.apply(InsertHandler.java:112)
	at javax.faces.view.facelets.CompositeFaceletHandler.apply(CompositeFaceletHandler.java:96)
	at javax.faces.view.facelets.DelegatingMetaTagHandler.applyNextHandler(DelegatingMetaTagHandler.java:161)
	at com.sun.faces.facelets.tag.jsf.ComponentTagHandlerDelegateImpl.apply(ComponentTagHandlerDelegateImpl.java:203)
	at javax.faces.view.facelets.DelegatingMetaTagHandler.apply(DelegatingMetaTagHandler.java:135)
	at javax.faces.view.facelets.CompositeFaceletHandler.apply(CompositeFaceletHandler.java:96)
	at javax.faces.view.facelets.DelegatingMetaTagHandler.applyNextHandler(DelegatingMetaTagHandler.java:161)
	at com.sun.faces.facelets.tag.jsf.ComponentTagHandlerDelegateImpl.apply(ComponentTagHandlerDelegateImpl.java:203)
	at javax.faces.view.facelets.DelegatingMetaTagHandler.apply(DelegatingMetaTagHandler.java:135)
	at javax.faces.view.facelets.DelegatingMetaTagHandler.applyNextHandler(DelegatingMetaTagHandler.java:161)
	at com.sun.faces.facelets.tag.jsf.ComponentTagHandlerDelegateImpl.apply(ComponentTagHandlerDelegateImpl.java:203)
	at javax.faces.view.facelets.DelegatingMetaTagHandler.apply(DelegatingMetaTagHandler.java:135)
	at javax.faces.view.facelets.CompositeFaceletHandler.apply(CompositeFaceletHandler.java:96)
	at com.sun.faces.facelets.compiler.NamespaceHandler.apply(NamespaceHandler.java:94)
	at com.sun.faces.facelets.compiler.EncodingHandler.apply(EncodingHandler.java:88)
	at com.sun.faces.facelets.impl.DefaultFacelet.include(DefaultFacelet.java:313)
	at com.sun.faces.facelets.impl.DefaultFacelet.include(DefaultFacelet.java:372)
	at com.sun.faces.facelets.impl.DefaultFacelet.include(DefaultFacelet.java:351)
	at com.sun.faces.facelets.impl.DefaultFaceletContext.includeFacelet(DefaultFaceletContext.java:204)
	at com.sun.faces.facelets.tag.ui.CompositionHandler.apply(CompositionHandler.java:175)
	at com.sun.faces.facelets.compiler.NamespaceHandler.apply(NamespaceHandler.java:94)
	at com.sun.faces.facelets.compiler.EncodingHandler.apply(EncodingHandler.java:88)
	at com.sun.faces.facelets.impl.DefaultFacelet.apply(DefaultFacelet.java:162)
	at com.sun.faces.application.view.FaceletViewHandlingStrategy.buildView(FaceletViewHandlingStrategy.java:381)
	at com.sun.faces.application.view.FaceletViewHandlingStrategy.restoreView(FaceletViewHandlingStrategy.java:289)
	at com.sun.faces.application.view.MultiViewHandler.restoreView(MultiViewHandler.java:157)
	at com.sun.faces.lifecycle.RestoreViewPhase.execute(RestoreViewPhase.java:204)
	at com.sun.faces.lifecycle.Phase.doPhase(Phase.java:100)
	at com.sun.faces.lifecycle.RestoreViewPhase.doPhase(RestoreViewPhase.java:133)
	at com.sun.faces.lifecycle.LifecycleImpl.execute(LifecycleImpl.java:201)
	at javax.faces.webapp.FacesServlet.service(FacesServlet.java:670)
	at org.apache.catalina.core.ApplicationFilterChain.internalDoFilter(ApplicationFilterChain.java:231)
	at org.apache.catalina.core.ApplicationFilterChain.doFilter(ApplicationFilterChain.java:166)
	at org.apache.tomcat.websocket.server.WsFilter.doFilter(WsFilter.java:52)
	at org.apache.catalina.core.ApplicationFilterChain.internalDoFilter(ApplicationFilterChain.java:193)
	at org.apache.catalina.core.ApplicationFilterChain.doFilter(ApplicationFilterChain.java:166)
	at org.primefaces.webapp.filter.FileUploadFilter.doFilter(FileUploadFilter.java:103)
	at org.apache.catalina.core.ApplicationFilterChain.internalDoFilter(ApplicationFilterChain.java:193)
	at org.apache.catalina.core.ApplicationFilterChain.doFilter(ApplicationFilterChain.java:166)
	at org.springframework.web.filter.RequestContextFilter.doFilterInternal(RequestContextFilter.java:99)
	at org.springframework.web.filter.OncePerRequestFilter.doFilter(OncePerRequestFilter.java:107)
	at org.apache.catalina.core.ApplicationFilterChain.internalDoFilter(ApplicationFilterChain.java:193)
	at org.apache.catalina.core.ApplicationFilterChain.doFilter(ApplicationFilterChain.java:166)
	at org.springframework.web.filter.HttpPutFormContentFilter.doFilterInternal(HttpPutFormContentFilter.java:109)
	at org.springframework.web.filter.OncePerRequestFilter.doFilter(OncePerRequestFilter.java:107)
	at org.apache.catalina.core.ApplicationFilterChain.internalDoFilter(ApplicationFilterChain.java:193)
	at org.apache.catalina.core.ApplicationFilterChain.doFilter(ApplicationFilterChain.java:166)
	at org.springframework.web.filter.CharacterEncodingFilter.doFilterInternal(CharacterEncodingFilter.java:200)
	at org.springframework.web.filter.OncePerRequestFilter.doFilter(OncePerRequestFilter.java:107)
	at org.apache.catalina.core.ApplicationFilterChain.internalDoFilter(ApplicationFilterChain.java:193)
	at org.apache.catalina.core.ApplicationFilterChain.doFilter(ApplicationFilterChain.java:166)
	at org.apache.catalina.core.StandardWrapperValve.invoke(StandardWrapperValve.java:198)
	at org.apache.catalina.core.StandardContextValve.invoke(StandardContextValve.java:96)
	at org.apache.catalina.authenticator.AuthenticatorBase.invoke(AuthenticatorBase.java:496)
	at org.apache.catalina.core.StandardHostValve.invoke(StandardHostValve.java:140)
	at org.apache.catalina.valves.ErrorReportValve.invoke(ErrorReportValve.java:81)
	at org.apache.catalina.core.StandardEngineValve.invoke(StandardEngineValve.java:87)
	at org.apache.catalina.connector.CoyoteAdapter.service(CoyoteAdapter.java:342)
	at org.apache.coyote.http11.Http11Processor.service(Http11Processor.java:803)
	at org.apache.coyote.AbstractProcessorLight.process(AbstractProcessorLight.java:66)
	at org.apache.coyote.AbstractProtocol$ConnectionHandler.process(AbstractProtocol.java:790)
	at org.apache.tomcat.util.net.NioEndpoint$SocketProcessor.doRun(NioEndpoint.java:1468)
	at org.apache.tomcat.util.net.SocketProcessorBase.run(SocketProcessorBase.java:49)
	at java.util.concurrent.ThreadPoolExecutor.runWorker(Unknown Source)
	at java.util.concurrent.ThreadPoolExecutor$Worker.run(Unknown Source)
	at org.apache.tomcat.util.threads.TaskThread$WrappingRunnable.run(TaskThread.java:61)
	at java.lang.Thread.run(Unknown Source)

